# JRE version: OpenJDK Runtime Environment (17.0.9) (build 17.0.9+0--11185874)
# Java VM: OpenJDK 64-Bit Server VM (17.0.9+0--11185874, mixed mode, tiered, compressed oops, compressed class ptrs, g1 gc, windows-amd64)
GC Precious Log:
 CPUs: 4 total, 4 available
 Memory: 8067M
 Large Page Support: Disabled
 NUMA Support: Disabled
 Compressed Oops: Enabled (Zero based)
 Heap Region Size: 2M
 Heap Min Capacity: 8M
 Heap Initial Capacity: 128M
 Heap Max Capacity: 4G
 Pre-touch: Disabled
 Parallel Workers: 4
 Concurrent Workers: 1
 Concurrent Refinement Workers: 4
 Periodic GC: Disabled
Heap:
 garbage-first heap   total 69632K, used 50698K [0x0000000700000000, 0x0000000800000000)
  region size 2048K, 10 young (20480K), 2 survivors (4096K)
 Metaspace       used 60643K, committed 61120K, reserved 1114112K
  class space    used 8210K, committed 8448K, reserved 1048576K
GC Heap History (20 events):
Event: 17.842 GC heap before
{Heap before GC invocations=7 (full 0):
 garbage-first heap   total 69632K, used 42604K [0x0000000700000000, 0x0000000800000000)
  region size 2048K, 12 young (24576K), 1 survivors (2048K)
 Metaspace       used 35677K, committed 35968K, reserved 1114112K
  class space    used 4753K, committed 4864K, reserved 1048576K
}
Event: 17.850 GC heap after
{Heap after GC invocations=8 (full 0):
 garbage-first heap   total 69632K, used 23990K [0x0000000700000000, 0x0000000800000000)
  region size 2048K, 2 young (4096K), 2 survivors (4096K)
 Metaspace       used 35677K, committed 35968K, reserved 1114112K
  class space    used 4753K, committed 4864K, reserved 1048576K
}
Event: 19.428 GC heap before
{Heap before GC invocations=9 (full 0):
 garbage-first heap   total 69632K, used 48566K [0x0000000700000000, 0x0000000800000000)
  region size 2048K, 15 young (30720K), 2 survivors (4096K)
 Metaspace       used 39170K, committed 39488K, reserved 1114112K
  class space    used 5134K, committed 5248K, reserved 1048576K
}
Event: 19.439 GC heap after
{Heap after GC invocations=10 (full 0):
 garbage-first heap   total 69632K, used 27062K [0x0000000700000000, 0x0000000800000000)
  region size 2048K, 2 young (4096K), 2 survivors (4096K)
 Metaspace       used 39170K, committed 39488K, reserved 1114112K
  class space    used 5134K, committed 5248K, reserved 1048576K
}
Event: 21.656 GC heap before
{Heap before GC invocations=10 (full 0):
 garbage-first heap   total 69632K, used 53686K [0x0000000700000000, 0x0000000800000000)
  region size 2048K, 14 young (28672K), 2 survivors (4096K)
 Metaspace       used 41962K, committed 42240K, reserved 1114112K
  class space    used 5450K, committed 5568K, reserved 1048576K
}
Event: 21.670 GC heap after
{Heap after GC invocations=11 (full 0):
 garbage-first heap   total 69632K, used 29390K [0x0000000700000000, 0x0000000800000000)
  region size 2048K, 2 young (4096K), 2 survivors (4096K)
 Metaspace       used 41962K, committed 42240K, reserved 1114112K
  class space    used 5450K, committed 5568K, reserved 1048576K
}
Event: 22.971 GC heap before
{Heap before GC invocations=11 (full 0):
 garbage-first heap   total 69632K, used 49870K [0x0000000700000000, 0x0000000800000000)
  region size 2048K, 12 young (24576K), 2 survivors (4096K)
 Metaspace       used 43401K, committed 43840K, reserved 1114112K
  class space    used 5697K, committed 5888K, reserved 1048576K
}
Event: 22.979 GC heap after
{Heap after GC invocations=12 (full 0):
 garbage-first heap   total 69632K, used 30727K [0x0000000700000000, 0x0000000800000000)
  region size 2048K, 2 young (4096K), 2 survivors (4096K)
 Metaspace       used 43401K, committed 43840K, reserved 1114112K
  class space    used 5697K, committed 5888K, reserved 1048576K
}
Event: 24.541 GC heap before
{Heap before GC invocations=12 (full 0):
 garbage-first heap   total 69632K, used 51207K [0x0000000700000000, 0x0000000800000000)
  region size 2048K, 13 young (26624K), 2 survivors (4096K)
 Metaspace       used 45509K, committed 45952K, reserved 1114112K
  class space    used 5930K, committed 6144K, reserved 1048576K
}
Event: 24.548 GC heap after
{Heap after GC invocations=13 (full 0):
 garbage-first heap   total 69632K, used 31768K [0x0000000700000000, 0x0000000800000000)
  region size 2048K, 2 young (4096K), 2 survivors (4096K)
 Metaspace       used 45509K, committed 45952K, reserved 1114112K
  class space    used 5930K, committed 6144K, reserved 1048576K
}
Event: 26.311 GC heap before
{Heap before GC invocations=13 (full 0):
 garbage-first heap   total 69632K, used 52248K [0x0000000700000000, 0x0000000800000000)
  region size 2048K, 12 young (24576K), 2 survivors (4096K)
 Metaspace       used 48043K, committed 48512K, reserved 1114112K
  class space    used 6347K, committed 6592K, reserved 1048576K
}
Event: 26.319 GC heap after
{Heap after GC invocations=14 (full 0):
 garbage-first heap   total 69632K, used 32538K [0x0000000700000000, 0x0000000800000000)
  region size 2048K, 1 young (2048K), 1 survivors (2048K)
 Metaspace       used 48043K, committed 48512K, reserved 1114112K
  class space    used 6347K, committed 6592K, reserved 1048576K
}
Event: 28.172 GC heap before
{Heap before GC invocations=14 (full 0):
 garbage-first heap   total 69632K, used 55066K [0x0000000700000000, 0x0000000800000000)
  region size 2048K, 12 young (24576K), 1 survivors (2048K)
 Metaspace       used 51593K, committed 52032K, reserved 1114112K
  class space    used 6911K, committed 7104K, reserved 1048576K
}
Event: 28.177 GC heap after
{Heap after GC invocations=15 (full 0):
 garbage-first heap   total 69632K, used 34039K [0x0000000700000000, 0x0000000800000000)
  region size 2048K, 2 young (4096K), 2 survivors (4096K)
 Metaspace       used 51593K, committed 52032K, reserved 1114112K
  class space    used 6911K, committed 7104K, reserved 1048576K
}
Event: 29.934 GC heap before
{Heap before GC invocations=15 (full 0):
 garbage-first heap   total 69632K, used 54519K [0x0000000700000000, 0x0000000800000000)
  region size 2048K, 12 young (24576K), 2 survivors (4096K)
 Metaspace       used 54058K, committed 54528K, reserved 1114112K
  class space    used 7275K, committed 7488K, reserved 1048576K
}
Event: 29.942 GC heap after
{Heap after GC invocations=16 (full 0):
 garbage-first heap   total 69632K, used 34796K [0x0000000700000000, 0x0000000800000000)
  region size 2048K, 2 young (4096K), 2 survivors (4096K)
 Metaspace       used 54058K, committed 54528K, reserved 1114112K
  class space    used 7275K, committed 7488K, reserved 1048576K
}
Event: 31.088 GC heap before
{Heap before GC invocations=16 (full 0):
 garbage-first heap   total 69632K, used 55276K [0x0000000700000000, 0x0000000800000000)
  region size 2048K, 12 young (24576K), 2 survivors (4096K)
 Metaspace       used 56727K, committed 57152K, reserved 1114112K
  class space    used 7635K, committed 7808K, reserved 1048576K
}
Event: 31.093 GC heap after
{Heap after GC invocations=17 (full 0):
 garbage-first heap   total 69632K, used 35888K [0x0000000700000000, 0x0000000800000000)
  region size 2048K, 2 young (4096K), 2 survivors (4096K)
 Metaspace       used 56727K, committed 57152K, reserved 1114112K
  class space    used 7635K, committed 7808K, reserved 1048576K
}
Event: 32.507 GC heap before
{Heap before GC invocations=18 (full 0):
 garbage-first heap   total 69632K, used 54320K [0x0000000700000000, 0x0000000800000000)
  region size 2048K, 11 young (22528K), 2 survivors (4096K)
 Metaspace       used 58634K, committed 59136K, reserved 1114112K
  class space    used 7904K, committed 8128K, reserved 1048576K
}
Event: 32.513 GC heap after
{Heap after GC invocations=19 (full 0):
 garbage-first heap   total 69632K, used 36362K [0x0000000700000000, 0x0000000800000000)
  region size 2048K, 2 young (4096K), 2 survivors (4096K)
 Metaspace       used 58634K, committed 59136K, reserved 1114112K
  class space    used 7904K, committed 8128K, reserved 1048576K
}

